make all --print-data-base --no-builtin-variables --no-builtin-rules --question
# GNU Make 3.81
# Copyright (C) 2006  Free Software Foundation, Inc.
# This is free software; see the source for copying conditions.
# There is NO warranty; not even for MERCHANTABILITY or FITNESS FOR A
# PARTICULAR PURPOSE.

# This program built for i386-apple-darwin11.3.0
 

# Make data base, printed on Wed Dec 28 13:27:13 2022

# Variables

# automatic
<D = $(patsubst %/,%,$(dir $<))
 
# automatic
?F = $(notdir $?)
# environment
ELECTRON_NO_ATTACH_CONSOLE = 1
# environment
LC_CTYPE = UTF-8
# automatic
?D = $(patsubst %/,%,$(dir $?))
# automatic
@D = $(patsubst %/,%,$(dir $@))
# automatic
@F = $(notdir $@)
# makefile
CURDIR := /Users/macbookpro/Docs_1A/JPEG_encoder/src_for_color
# makefile
SHELL = /bin/sh
# environment
VSCODE_NLS_CONFIG = {"locale":"en-us","availableLanguages":{},"_languagePackSupport":true}
# environment
_ = /usr/bin/make
# makefile (from `Makefile', line 7)
CFLAGS = -Wall -Wextra -std=c99 -O0 -g
# makefile (from `Makefile', line 1)
MAKEFILE_LIST :=  Makefile
# environment
__CFBundleIdentifier = com.microsoft.VSCode
# environment
INFOPATH = /opt/homebrew/share/info:
# environment
VSCODE_CWD = /Users/macbookpro/Docs_1A/JPEG_encoder/src_for_color
# environment
PATH = /opt/homebrew/bin:/opt/homebrew/sbin:/usr/local/bin:/usr/bin:/bin:/usr/sbin:/sbin:/Library/Apple/usr/bin:/Applications/Visual Studio Code.app/Contents/Resources/app/bin
# makefile (from `Makefile', line 2)
LD = gcc
# environment
ELECTRON_RUN_AS_NODE = 1
# default
.FEATURES := target-specific order-only second-expansion else-if archives jobserver check-symlink
# environment
SSH_AUTH_SOCK = /private/tmp/com.apple.launchd.rZdJmHBaFH/Listeners
# automatic
%F = $(notdir $%)
# environment
PWD = /Users/macbookpro/Docs_1A/JPEG_encoder/src_for_color
# environment
HOMEBREW_CELLAR = /opt/homebrew/Cellar
# environment
ORIGINAL_XDG_CURRENT_DESKTOP = undefined
# environment
MANPATH = /opt/homebrew/share/man::
# environment
VSCODE_AMD_ENTRYPOINT = vs/workbench/api/node/extensionHostProcess
# environment
HOME = /Users/macbookpro
# default
MAKEFILEPATH := /Applications/Xcode.app/Contents/Developer/Makefiles
# environment
VSCODE_CLI = 1
# environment
VSCODE_CODE_CACHE_PATH = /Users/macbookpro/Library/Application Support/Code/CachedData/e8a3071ea4344d9d48ef8a4df2c097372b0c5161
# environment
LOGNAME = macbookpro
# environment
APPLICATION_INSIGHTS_NO_DIAGNOSTIC_CHANNEL = 1
# environment
VSCODE_HANDLES_UNCAUGHT_ERRORS = true
# automatic
^D = $(patsubst %/,%,$(dir $^))
# environment
XPC_FLAGS = 0x0
# default
MAKE = $(MAKE_COMMAND)
# default
MAKECMDGOALS := all
# environment
SHLVL = 3
# makefile (from `Makefile', line 1)
CC = clang
# default
MAKE_VERSION := 3.81
# environment
USER = macbookpro
# makefile
.DEFAULT_GOAL := all
# environment
TERM_SESSION_ID = 6EF29FC8-9255-43F3-9921-F4C53C88EBCC
# automatic
%D = $(patsubst %/,%,$(dir $%))
# default
MAKE_COMMAND := /Applications/Xcode.app/Contents/Developer/usr/bin/make
# environment
TERM_PROGRAM = Apple_Terminal
# default
.VARIABLES := 
# environment
TMPDIR = /var/folders/nx/j73p2g3129qb644_241b7ysw0000gn/T/
# automatic
*F = $(notdir $*)
# environment
VSCODE_IPC_HOOK = /Users/macbookpro/Library/Application Support/Code/1.74.2-main.sock
# environment
MallocNanoZone = 0
# makefile
MAKEFLAGS = Rrqp
# environment
MFLAGS = -Rrqp
# automatic
*D = $(patsubst %/,%,$(dir $*))
 
# environment
TERM_PROGRAM_VERSION = 445
# environment
XPC_SERVICE_NAME = application.com.microsoft.VSCode.1123659.1123665.C1E58E78-DEB3-4566-AD44-6C6346AA5CC8
# environment
HOMEBREW_PREFIX = /opt/homebrew
# automatic
+D = $(patsubst %/,%,$(dir $+))
# automatic
+F = $(notdir $+)
# environment
HOMEBREW_REPOSITORY = /opt/homebrew
# environment
__CF_USER_TEXT_ENCODING = 0x1F5:0x0:0x0
# environment
COMMAND_MODE = unix2003
# default
MAKEFILES := 
# automatic
<F = $(notdir $<)
# environment
LC_ALL = C
# automatic
^F = $(notdir $^)
# default
SUFFIXES := 
# environment
MAKELEVEL := 0
# environment
LANG = C
# environment
TERM = xterm-256color
# environment
VSCODE_PID = 717
# variable set hash-table stats:
# Load=72/1024=7%, Rehash=0, Collisions=1/98=1%

# Pattern-specific Variable Values

# No pattern-specific variable values.

# Directories

# . (device 16777229, inode 1633252): 58 files, no impossibilities.

# 58 files, no impossibilities in 1 directories.

# Implicit Rules

# No implicit rules.

# Files

# Not a target:
bitstream.c:
#  Implicit rule search has not been done.
#  Modification time never checked.
#  File has not been updated.

# Not a target:
traitement.c:
#  Implicit rule search has not been done.
#  Modification time never checked.
#  File has not been updated.

# Not a target:
quantification.c:
#  Implicit rule search has not been done.
#  Modification time never checked.
#  File has not been updated.

# Not a target:
DCT.c:
#  Implicit rule search has been done.
#  Last modified 2022-12-24 11:27:05
#  File has been updated.
#  Successfully updated.
# variable set hash-table stats:
# Load=0/32=0%, Rehash=0, Collisions=0/0=0%

write_ppm.o: write_ppm.c
#  Implicit rule search has not been done.
#  Last modified 2022-12-28 13:26:47
#  File has been updated.
#  Successfully updated.
# variable set hash-table stats:
# Load=0/32=0%, Rehash=0, Collisions=0/0=0%
#  commands to execute (from `Makefile', line 20):
	$(CC) -c write_ppm.c
	

zigzag.h: zigzag.c
#  Implicit rule search has not been done.
#  Modification time never checked.
#  File has not been updated.
#  commands to execute (from `Makefile', line 70):
	$(CC) -c zigzag.c
	

all: ppm_generator
 
#  Command-line target.
#  Implicit rule search has been done.
#  File does not exist.
#  File has been updated.
#  Needs to be updated (-q is set).
# variable set hash-table stats:
# Load=0/32=0%, Rehash=0, Collisions=0/3=0%

bitstream.o: bitstream.h
#  Implicit rule search has not been done.
#  Modification time never checked.
#  File has not been updated.

bitstream.h: bitstream.c
#  Implicit rule search has not been done.
#  Modification time never checked.
#  File has not been updated.
#  commands to execute (from `Makefile', line 43):
	$(CC) -c bitstream.c
	

traitement.h: traitement.c
#  Implicit rule search has not been done.
#  Modification time never checked.
#  File has not been updated.
#  commands to execute (from `Makefile', line 67):
	$(CC) -c traitement.c
	

quantification.h: quantification.c
#  Implicit rule search has not been done.
#  Modification time never checked.
#  File has not been updated.
#  commands to execute (from `Makefile', line 58):
	$(CC) -c quantification.c
	

DCT.h: DCT.c
#  Implicit rule search has not been done.
#  Implicit/static pattern stem: `'
#  Last modified 2022-12-24 11:27:04
#  File has been updated.
#  Needs to be updated (-q is set).
# automatic
# @ := DCT.h
# automatic
# % := 
# automatic
# * := 
# automatic
# + := DCT.c
# automatic
# | := 
# automatic
# < := DCT.c
# automatic
# ^ := DCT.c
# automatic
# ? := DCT.c
# variable set hash-table stats:
# Load=8/32=25%, Rehash=0, Collisions=1/11=9%
#  commands to execute (from `Makefile', line 52):
	$(CC) -c DCT.c
	

# Not a target:
RGB_Couleur.c:
#  Implicit rule search has not been done.
#  Modification time never checked.
#  File has not been updated.

huffman.o: huffman.h
#  Implicit rule search has not been done.
#  Modification time never checked.
#  File has not been updated.

# Not a target:
.SUFFIXES:
#  Implicit rule search has not been done.
#  Modification time never checked.
#  File has not been updated.

# Not a target:
downsampling.c:
#  Implicit rule search has not been done.
#  Modification time never checked.
#  File has not been updated.

# Not a target:
Makefile:
#  Implicit rule search has been done.
#  Last modified 2022-12-28 13:26:33
#  File has been updated.
#  Successfully updated.
# variable set hash-table stats:
# Load=0/32=0%, Rehash=0, Collisions=0/0=0%

ppm_generator: write_ppm.o decoupe.o DCT.o downsampling.o PPM_FILE.o quantification.o RGB_Couleur.o RLE.o traitement.o zigzag.o htables_prof_mac.o huffman.o jpeg_writer.o bitstream.o magnitude.o
#  Implicit rule search has not been done.
#  Last modified 2022-12-24 11:27:05
#  File has been updated.
#  Needs to be updated (-q is set).
# variable set hash-table stats:
# Load=0/32=0%, Rehash=0, Collisions=0/3=0%
#  commands to execute (from `Makefile', line 16):
	$(CC) -o ppm_generator write_ppm.o decoupe.o downsampling.o DCT.o PPM_FILE.o quantification.o RGB_Couleur.o RLE.o traitement.o zigzag.o htables_prof_mac.o huffman.o jpeg_writer.o bitstream.o magnitude.o -lm
	

RGB_Couleur.h: RGB_Couleur.c
#  Implicit rule search has not been done.
#  Modification time never checked.
#  File has not been updated.
#  commands to execute (from `Makefile', line 61):
	$(CC) -c RGB_Couleur.c
	

jpeg_writer.o: jpeg_writer.h
#  Implicit rule search has not been done.
#  Modification time never checked.
#  File has not been updated.

# Not a target:
write_ppm.c:
#  Implicit rule search has been done.
#  Last modified 2022-12-24 11:27:05
#  File has been updated.
#  Successfully updated.
# variable set hash-table stats:
# Load=0/32=0%, Rehash=0, Collisions=0/0=0%

downsampling.h: downsampling.c
#  Implicit rule search has not been done.
#  Modification time never checked.
#  File has not been updated.
#  commands to execute (from `Makefile', line 73):
	$(CC) -c downsampling.c
	

# Not a target:
decoupe.c:
#  Implicit rule search has been done.
#  Last modified 2022-12-24 11:27:04
#  File has been updated.
#  Successfully updated.
# variable set hash-table stats:
# Load=0/32=0%, Rehash=0, Collisions=0/0=0%

RLE.o: RLE.h
#  Implicit rule search has not been done.
#  Modification time never checked.
#  File has not been updated.

PPM_FILE.o: PPM_FILE.h
#  Implicit rule search has not been done.
#  Modification time never checked.
 
#  File has not been updated.

# Not a target:
.DEFAULT:
#  Implicit rule search has not been done.
#  Modification time never checked.
#  File has not been updated.

zigzag.o: zigzag.h
#  Implicit rule search has not been done.
#  Modification time never checked.
#  File has not been updated.

decoupe.h: decoupe.c
#  Implicit rule search has not been done.
#  Last modified 2022-12-24 11:27:05
#  File has been updated.
#  Successfully updated.
# variable set hash-table stats:
# Load=0/32=0%, Rehash=0, Collisions=0/0=0%
#  commands to execute (from `Makefile', line 46):
	$(CC) -c decoupe.c
	

# Not a target:
huffman.c:
#  Implicit rule search has not been done.
#  Modification time never checked.
#  File has not been updated.

decoupe.o: decoupe.h
#  Implicit rule search has been done.
#  Last modified 2022-12-28 13:26:47
#  File has been updated.
#  Successfully updated.
# variable set hash-table stats:
# Load=0/32=0%, Rehash=0, Collisions=0/0=0%

magnitude.o: magnitude.h
#  Implicit rule search has not been done.
#  Modification time never checked.
#  File has not been updated.

traitement.o: traitement.h
#  Implicit rule search has not been done.
#  Modification time never checked.
#  File has not been updated.

quantification.o: quantification.h
#  Implicit rule search has not been done.
#  Modification time never checked.
#  File has not been updated.

clean:
#  Implicit rule search has not been done.
#  Modification time never checked.
#  File has not been updated.
#  commands to execute (from `Makefile', line 76):
	rm -rf write_ppm.o decoupe.o DCT.o PPM_FILE.o quantification.o RGB_Couleur.o RLE.o traitement.o zigzag.o magnitude.o downsampling.o
	

# Not a target:
jpeg_writer.c:
#  Implicit rule search has not been done.
#  Modification time never checked.
#  File has not been updated.

DCT.o: DCT.h
#  Implicit rule search has been done.
#  Last modified 2022-12-28 13:26:47
#  File has been updated.
#  Needs to be updated (-q is set).
# variable set hash-table stats:
# Load=0/32=0%, Rehash=0, Collisions=0/3=0%

rgb: decoupe.o DCT.o PPM_FILE.o quantification.o RGB_Couleur.o RLE.o traitement.o zigzag.o htables_prof_mac.o huffman.o jpeg_writer.o bitstream.o magnitude.o
#  Implicit rule search has not been done.
#  Modification time never checked.
#  File has not been updated.
#  commands to execute (from `Makefile', line 13):
	$(CC) -o rgb decoupe.o DCT.o PPM_FILE.o quantification.o RGB_Couleur.o RLE.o traitement.o zigzag.o htables_prof_mac.o huffman.o jpeg_writer.o bitstream.o magnitude.o -lm
	

huffman.h: huffman.c
#  Implicit rule search has not been done.
#  Modification time never checked.
#  File has not been updated.
#  commands to execute (from `Makefile', line 37):
	$(CC) -c huffman.c
	

magnitude.h: magnitude.c
#  Implicit rule search has not been done.
#  Modification time never checked.
#  File has not been updated.
#  commands to execute (from `Makefile', line 49):
	$(CC) -c magnitude.c
	

jpeg_writer.h: jpeg_writer.c
#  Implicit rule search has not been done.
#  Modification time never checked.
#  File has not been updated.
#  commands to execute (from `Makefile', line 40):
	$(CC) -c jpeg_writer.c
	

# Not a target:
RLE.c:
#  Implicit rule search has not been done.
#  Modification time never checked.
#  File has not been updated.

RGB_Couleur.o: RGB_Couleur.h
#  Implicit rule search has not been done.
#  Modification time never checked.
#  File has not been updated.

# Not a target:
PPM_FILE.c:
#  Implicit rule search has not been done.
#  Modification time never checked.
#  File has not been updated.

downsampling.o: downsampling.h
#  Implicit rule search has not been done.
#  Modification time never checked.
#  File has not been updated.

# Not a target:
htables_prof_mac.o:
#  Implicit rule search has not been done.
#  Modification time never checked.
#  File has not been updated.

# Not a target:
zigzag.c:
#  Implicit rule search has not been done.
#  Modification time never checked.
#  File has not been updated.

RLE.h: RLE.c
#  Implicit rule search has not been done.
#  Modification time never checked.
#  File has not been updated.
#  commands to execute (from `Makefile', line 64):
	$(CC) -c RLE.c
	

# Not a target:
magnitude.c:
#  Implicit rule search has not been done.
#  Modification time never checked.
#  File has not been updated.

PPM_FILE.h: PPM_FILE.c
#  Implicit rule search has not been done.
#  Modification time never checked.
#  File has not been updated.
#  commands to execute (from `Makefile', line 55):
	$(CC) -c PPM_FILE.c
	

# files hash-table stats:
# Load=49/1024=5%, Rehash=0, Collisions=10/119=8%
# VPATH Search Paths

# No `vpath' search paths.

# No general (`VPATH' variable) search path.
 

# # of strings in strcache: 1
# # of strcache buffers: 1
# strcache size: total = 4096 / max = 4096 / min = 4096 / avg = 4096
# strcache free: total = 4087 / max = 4087 / min = 4087 / avg = 4087

# Finished Make data base on Wed Dec 28 13:27:13 2022

 
